--- Application Started ---
DeviceConnector: Skeleton created.
DEBUG SDLWrapper: Initializing SDL Audio...
DEBUG SDLWrapper: Initializing SDL_mixer...
DEBUG SDLWrapper: Initialization successful.
DEBUG SDLWrapper: Setting track finished callback.
MediaController: Initialized.
App: Loading initial media from ./test_media ...
MediaManager: Loading from directory: /home/quynhmai/mock/MediaPlayer/test_media
Error: Path is not a valid directory: /home/quynhmai/mock/MediaPlayer/test_media
MediaManager: Found 0 media files.
MediaManager: Load complete. Library size: 0
DEBUG App::init: MediaManager reports 0 files AFTER loading from /home/quynhmai/mock/MediaPlayer/test_media.
App: Media loading complete.
App: Loading playlists from /home/quynhmai/mock/MediaPlayer/playlist/playlists.json...
PlaylistManager Info: Playlist file not found or could not be opened: /home/quynhmai/mock/MediaPlayer/playlist/playlists.json. Starting fresh.
[USBUtils] ✅ Found USB at: "/media/dung20210222/38D0214FD02114A2"
[AppController] ✅ Loading media from: /media/dung20210222/38D0214FD02114A2
MediaManager: Loading from directory: /media/dung20210222/38D0214FD02114A2
MediaManager: Found 2 media files.
MediaManager: Load complete. Library size: 2
MediaController: playTrack called for 2.mp3
DEBUG SDLWrapper: playAudio requested for: /media/dung20210222/38D0214FD02114A2/2.mp3
DEBUG SDLWrapper: Loading music with Mix_LoadMUS...
DEBUG SDLWrapper: Music loaded successfully.
DEBUG SDLWrapper: Calling Mix_PlayMusic...
DEBUG SDLWrapper: Mix_PlayMusic call succeeded. Playback started.
DEBUG SDLWrapper: musicFinishedCallback() triggered.
MediaPlayer: Track finished.
--- Application Shutting Down ---
