--- Application Started ---
DeviceConnector: Skeleton created.
DEBUG SDLWrapper: Initializing SDL Audio...
DEBUG SDLWrapper: Initializing SDL_mixer...
DEBUG SDLWrapper: Initialization successful.
DEBUG SDLWrapper: Setting track finished callback.
MediaController: Initialized.
MediaController: Initialized.
App: Loading initial media from /home/dung20210222/Documents/F/MediaPlayer/test_media ...
MediaManager: Loading from directory: /home/dung20210222/Documents/F/MediaPlayer/test_media
MediaManager: Found 19 media files.
MediaManager: Load complete. Library size: 19
DEBUG App::init: MediaManager reports 19 files AFTER loading from /home/dung20210222/Documents/F/MediaPlayer/test_media.
App: Media loading complete.
App: Checking for USB media...
[USBUtils] ✅ Found USB at: "/media/dung20210222/38D0214FD02114A2"
[AppController] ✅ Loading media from: /media/dung20210222/38D0214FD02114A2
MediaManager: Loading from directory: /media/dung20210222/38D0214FD02114A2
MediaManager: Found 29 media files.
MediaManager: Load complete. Library size: 29
MediaController: Initialized.
[AppController] 🔁 Reloading playlists after USB mount...
PlaylistManager: Playlists loaded successfully from /home/dung20210222/Documents/F/MediaPlayer/playlist/playlists.json
App: USB media loaded successfully. Found 29 files.
App: Loading playlists from /home/dung20210222/Documents/F/MediaPlayer/playlist/playlists.json...
PlaylistManager: Playlists loaded successfully from /home/dung20210222/Documents/F/MediaPlayer/playlist/playlists.json
MediaController: playPlaylist called for 'mai9', starting at track 0
DEBUG SDLWrapper: playAudio requested for: /home/dung20210222/Documents/F/MediaPlayer/test_media/media/KPOP/Crazy Form.mp3
DEBUG SDLWrapper: Loading music with Mix_LoadMUS...
DEBUG SDLWrapper: Music loaded successfully.
DEBUG SDLWrapper: Calling Mix_PlayMusic...
DEBUG SDLWrapper: Mix_PlayMusic call succeeded. Playback started.
MediaController: playTrack called for Crazy Form.mp3
DEBUG SDLWrapper: playAudio requested for: /home/dung20210222/Documents/F/MediaPlayer/test_media/media/KPOP/Crazy Form.mp3
DEBUG SDLWrapper: Halting music.
DEBUG SDLWrapper: musicFinishedCallback() triggered.
MediaPlayer: Track finished.
MediaPlayer: Manual stop detected, ignoring auto-next.
DEBUG SDLWrapper: Freeing current music resource.
DEBUG SDLWrapper: Loading music with Mix_LoadMUS...
DEBUG SDLWrapper: Music loaded successfully.
DEBUG SDLWrapper: Calling Mix_PlayMusic...
DEBUG SDLWrapper: Mix_PlayMusic call succeeded. Playback started.
MediaController: playTrack called for FaSHioN.mp3
DEBUG SDLWrapper: playAudio requested for: /home/dung20210222/Documents/F/MediaPlayer/test_media/media/KPOP/FaSHioN.mp3
DEBUG SDLWrapper: Halting music.
DEBUG SDLWrapper: musicFinishedCallback() triggered.
MediaPlayer: Track finished.
MediaPlayer: Manual stop detected, ignoring auto-next.
DEBUG SDLWrapper: Freeing current music resource.
DEBUG SDLWrapper: Loading music with Mix_LoadMUS...
DEBUG SDLWrapper: Music loaded successfully.
DEBUG SDLWrapper: Calling Mix_PlayMusic...
DEBUG SDLWrapper: Mix_PlayMusic call succeeded. Playback started.
MediaController: playTrack called for Crazy Form.mp3
DEBUG SDLWrapper: playAudio requested for: /home/dung20210222/Documents/F/MediaPlayer/test_media/media/KPOP/Crazy Form.mp3
DEBUG SDLWrapper: Halting music.
DEBUG SDLWrapper: musicFinishedCallback() triggered.
MediaPlayer: Track finished.
MediaPlayer: Manual stop detected, ignoring auto-next.
DEBUG SDLWrapper: Freeing current music resource.
DEBUG SDLWrapper: Loading music with Mix_LoadMUS...
DEBUG SDLWrapper: Music loaded successfully.
DEBUG SDLWrapper: Calling Mix_PlayMusic...
DEBUG SDLWrapper: Mix_PlayMusic call succeeded. Playback started.
MediaController: playTrack called for FaSHioN.mp3
DEBUG SDLWrapper: playAudio requested for: /home/dung20210222/Documents/F/MediaPlayer/test_media/media/KPOP/FaSHioN.mp3
DEBUG SDLWrapper: Halting music.
DEBUG SDLWrapper: musicFinishedCallback() triggered.
MediaPlayer: Track finished.
MediaPlayer: Manual stop detected, ignoring auto-next.
DEBUG SDLWrapper: Freeing current music resource.
DEBUG SDLWrapper: Loading music with Mix_LoadMUS...
DEBUG SDLWrapper: Music loaded successfully.
DEBUG SDLWrapper: Calling Mix_PlayMusic...
DEBUG SDLWrapper: Mix_PlayMusic call succeeded. Playback started.
MediaController: playTrack called for Crazy Form.mp3
DEBUG SDLWrapper: playAudio requested for: /home/dung20210222/Documents/F/MediaPlayer/test_media/media/KPOP/Crazy Form.mp3
DEBUG SDLWrapper: Halting music.
DEBUG SDLWrapper: musicFinishedCallback() triggered.
MediaPlayer: Track finished.
MediaPlayer: Manual stop detected, ignoring auto-next.
DEBUG SDLWrapper: Freeing current music resource.
DEBUG SDLWrapper: Loading music with Mix_LoadMUS...
DEBUG SDLWrapper: Music loaded successfully.
DEBUG SDLWrapper: Calling Mix_PlayMusic...
DEBUG SDLWrapper: Mix_PlayMusic call succeeded. Playback started.
[DEBUG] PlaylistManager: Auto-saving changes...
PlaylistManager: Playlists saved to /home/dung20210222/Documents/F/MediaPlayer/playlist/playlists.json
MediaController: pauseOrResume called.
DEBUG SDLWrapper: Pausing music.
--- Application Shutting Down ---
App: Cleanup complete.
DEBUG SDLWrapper: Closing...
DEBUG SDLWrapper: Halting music.
DEBUG SDLWrapper: musicFinishedCallback() triggered.
MediaPlayer: Track finished.
MediaPlayer: Auto-next did not start new track. Setting track to null.
DEBUG SDLWrapper: Freeing current music resource.
DEBUG SDLWrapper: Closed successfully.
